<?xml version="1.0" encoding="UTF-8"?>
<!-- Generated by org.testng.reporters.JUnitReportReporter -->
<testsuite hostname="LAPTOP-9B3C4EKN" failures="0" tests="1" name="sample02.demo" time="34.493" errors="0" timestamp="2023-05-31T16:18:48 IST" skipped="0">
  <testcase classname="sample02.demo" name="m1" time="34.493"/>
  <system-out/>
</testsuite> <!-- sample02.demo -->
