<?xml version="1.0" encoding="UTF-8"?>
<!-- Generated by org.testng.reporters.JUnitReportReporter -->
<testsuite hostname="LAPTOP-9B3C4EKN" failures="0" tests="1" name="sample02.MyP3Test" time="0.010" errors="0" timestamp="2023-05-31T13:16:50 IST" skipped="0">
  <testcase classname="sample02.MyP3Test" name="m3" time="0.010"/>
  <system-out/>
</testsuite> <!-- sample02.MyP3Test -->
